2024-09-18T18:52:21.139+05:30  INFO 20013 --- [Bean-Validation] [restartedMain] ceptionHandlingBeanValidationApplication : Starting LoggingExceptionHandlingBeanValidationApplication using Java 17.0.1 with PID 20013 (/Users/prashantkumartiwary/IdeaProjects/Spring Boot and Microservices /Spring Boot/Logging/target/classes started by prashantkumartiwary in /Users/prashantkumartiwary/IdeaProjects/Spring Boot and Microservices )
2024-09-18T18:52:21.148+05:30  INFO 20013 --- [Bean-Validation] [restartedMain] ceptionHandlingBeanValidationApplication : No active profile set, falling back to 1 default profile: "default"
2024-09-18T18:52:21.306+05:30  INFO 20013 --- [Bean-Validation] [restartedMain] .e.DevToolsPropertyDefaultsPostProcessor : Devtools property defaults active! Set 'spring.devtools.add-properties' to 'false' to disable
2024-09-18T18:52:21.308+05:30  INFO 20013 --- [Bean-Validation] [restartedMain] .e.DevToolsPropertyDefaultsPostProcessor : For additional web related logging consider setting the 'logging.level.web' property to 'DEBUG'
2024-09-18T18:52:22.911+05:30  INFO 20013 --- [Bean-Validation] [restartedMain] .s.d.r.c.RepositoryConfigurationDelegate : Bootstrapping Spring Data JPA repositories in DEFAULT mode.
2024-09-18T18:52:23.002+05:30  INFO 20013 --- [Bean-Validation] [restartedMain] .s.d.r.c.RepositoryConfigurationDelegate : Finished Spring Data repository scanning in 75 ms. Found 1 JPA repository interface.
2024-09-18T18:52:24.169+05:30  INFO 20013 --- [Bean-Validation] [restartedMain] o.s.b.w.embedded.tomcat.TomcatWebServer  : Tomcat initialized with port 8083 (http)
2024-09-18T18:52:24.197+05:30  INFO 20013 --- [Bean-Validation] [restartedMain] o.apache.catalina.core.StandardService   : Starting service [Tomcat]
2024-09-18T18:52:24.198+05:30  INFO 20013 --- [Bean-Validation] [restartedMain] o.apache.catalina.core.StandardEngine    : Starting Servlet engine: [Apache Tomcat/10.1.28]
2024-09-18T18:52:24.292+05:30  INFO 20013 --- [Bean-Validation] [restartedMain] o.a.c.c.C.[Tomcat].[localhost].[/]       : Initializing Spring embedded WebApplicationContext
2024-09-18T18:52:24.292+05:30  INFO 20013 --- [Bean-Validation] [restartedMain] w.s.c.ServletWebServerApplicationContext : Root WebApplicationContext: initialization completed in 2978 ms
2024-09-18T18:52:24.340+05:30  INFO 20013 --- [Bean-Validation] [restartedMain] com.zaxxer.hikari.HikariDataSource       : HikariPool-1 - Starting...
2024-09-18T18:52:24.762+05:30  INFO 20013 --- [Bean-Validation] [restartedMain] com.zaxxer.hikari.pool.HikariPool        : HikariPool-1 - Added connection conn0: url=jdbc:h2:mem:mydb user=ROOT
2024-09-18T18:52:24.764+05:30  INFO 20013 --- [Bean-Validation] [restartedMain] com.zaxxer.hikari.HikariDataSource       : HikariPool-1 - Start completed.
2024-09-18T18:52:24.781+05:30  INFO 20013 --- [Bean-Validation] [restartedMain] o.s.b.a.h2.H2ConsoleAutoConfiguration    : H2 console available at '/h2console/'. Database available at 'jdbc:h2:mem:mydb'
2024-09-18T18:52:24.999+05:30  INFO 20013 --- [Bean-Validation] [restartedMain] o.hibernate.jpa.internal.util.LogHelper  : HHH000204: Processing PersistenceUnitInfo [name: default]
2024-09-18T18:52:25.189+05:30  INFO 20013 --- [Bean-Validation] [restartedMain] org.hibernate.Version                    : HHH000412: Hibernate ORM core version 6.5.2.Final
2024-09-18T18:52:25.300+05:30  INFO 20013 --- [Bean-Validation] [restartedMain] o.h.c.internal.RegionFactoryInitiator    : HHH000026: Second-level cache disabled
2024-09-18T18:52:26.010+05:30  INFO 20013 --- [Bean-Validation] [restartedMain] o.s.o.j.p.SpringPersistenceUnitInfo      : No LoadTimeWeaver setup: ignoring JPA class transformer
2024-09-18T18:52:31.304+05:30  INFO 20013 --- [Bean-Validation] [restartedMain] o.h.e.t.j.p.i.JtaPlatformInitiator       : HHH000489: No JTA platform available (set 'hibernate.transaction.jta.platform' to enable JTA platform integration)
2024-09-18T18:52:31.676+05:30  INFO 20013 --- [Bean-Validation] [restartedMain] j.LocalContainerEntityManagerFactoryBean : Initialized JPA EntityManagerFactory for persistence unit 'default'
2024-09-18T18:52:32.856+05:30  WARN 20013 --- [Bean-Validation] [restartedMain] JpaBaseConfiguration$JpaWebConfiguration : spring.jpa.open-in-view is enabled by default. Therefore, database queries may be performed during view rendering. Explicitly configure spring.jpa.open-in-view to disable this warning
2024-09-18T18:52:33.744+05:30  INFO 20013 --- [Bean-Validation] [restartedMain] o.s.b.d.a.OptionalLiveReloadServer       : LiveReload server is running on port 35729
2024-09-18T18:52:33.805+05:30  INFO 20013 --- [Bean-Validation] [restartedMain] o.s.b.w.embedded.tomcat.TomcatWebServer  : Tomcat started on port 8083 (http) with context path '/'
2024-09-18T18:52:33.819+05:30  INFO 20013 --- [Bean-Validation] [restartedMain] ceptionHandlingBeanValidationApplication : Started LoggingExceptionHandlingBeanValidationApplication in 14.051 seconds (process running for 15.962)
2024-09-18T18:52:38.431+05:30  INFO 20013 --- [Bean-Validation] [http-nio-8083-exec-2] o.a.c.c.C.[Tomcat].[localhost].[/]       : Initializing Spring DispatcherServlet 'dispatcherServlet'
2024-09-18T18:52:38.432+05:30  INFO 20013 --- [Bean-Validation] [http-nio-8083-exec-2] o.s.web.servlet.DispatcherServlet        : Initializing Servlet 'dispatcherServlet'
2024-09-18T18:52:38.434+05:30  INFO 20013 --- [Bean-Validation] [http-nio-8083-exec-2] o.s.web.servlet.DispatcherServlet        : Completed initialization in 1 ms
2024-09-18T18:52:38.851+05:30  INFO 20013 --- [Bean-Validation] [http-nio-8083-exec-2] c.m.b.e.controller.CourseController      : Inside CourseController:addRequest api
2024-09-18T18:52:38.853+05:30  INFO 20013 --- [Bean-Validation] [http-nio-8083-exec-2] c.m.b.e.controller.CourseController      : CourseController:addRequest Request Payload -> Course(courseId=null, courseName=Java, description=Java SpringBoot, traineeName=Prashant, duration=null, startDate=Thu Jun 16 05:30:00 IST 18, courseType=Live, price=2300.0, isCertificateAvailable=false, mobileNumber=919090909090, emailAddress=abc@gmail.com) 
2024-09-18T18:52:38.866+05:30  INFO 20013 --- [Bean-Validation] [http-nio-8083-exec-2] c.m.b.e.service.CourseServiceImpl        : CourseService::addCourse method execution started
2024-09-18T18:52:38.878+05:30 DEBUG 20013 --- [Bean-Validation] [http-nio-8083-exec-2] c.m.b.e.service.CourseServiceImpl        : CourseService::addCourse method input -> CourseRequestDto(courseName=Java, description=Java SpringBoot, traineeName=Prashant, duration=5, startDate=Thu Jun 16 05:30:00 IST 18, courseType=Live, price=2300.0, isCertificateAvailable=false, mobileNumber=919090909090, emailAddress=abc@gmail.com)
2024-09-18T18:52:39.038+05:30 DEBUG 20013 --- [Bean-Validation] [http-nio-8083-exec-2] c.m.b.e.service.CourseServiceImpl        : Course entity from the Database -> Course(courseId=1, courseName=Java, description=Java SpringBoot, traineeName=Prashant, duration=null, startDate=Thu Jun 16 05:30:00 IST 18, courseType=Live, price=2300.0, isCertificateAvailable=false, mobileNumber=919090909090, emailAddress=abc@gmail.com)
2024-09-18T18:52:39.068+05:30 DEBUG 20013 --- [Bean-Validation] [http-nio-8083-exec-2] c.m.b.e.service.CourseServiceImpl        : CourseResponseDTO from the request CourseResponseDto(courseName=Java, description=Java SpringBoot, traineeName=Prashant, duration=null, startDate=Thu Jun 16 05:30:00 IST 18, courseType=Live, price=2300.0, isCertificateAvailable=false, courseUniqueCode=54265ccc, mobileNumber=919090909090, emailAddress=abc@gmail.com)
2024-09-18T18:52:39.069+05:30  INFO 20013 --- [Bean-Validation] [http-nio-8083-exec-2] c.m.b.e.service.CourseServiceImpl        : CourseService::addCourse method execution Ended
2024-09-18T18:52:39.070+05:30  INFO 20013 --- [Bean-Validation] [http-nio-8083-exec-2] c.m.b.e.controller.CourseController      : Exiting CourseController:addRequest api
2024-09-18T18:52:39.072+05:30  INFO 20013 --- [Bean-Validation] [http-nio-8083-exec-2] c.m.b.e.controller.CourseController      : CourseController:addRequest Response -> ServiceResponse(response=CourseResponseDto(courseName=Java, description=Java SpringBoot, traineeName=Prashant, duration=null, startDate=Thu Jun 16 05:30:00 IST 18, courseType=Live, price=2300.0, isCertificateAvailable=false, courseUniqueCode=null, mobileNumber=919090909090, emailAddress=abc@gmail.com), status=201 CREATED, error=null) 
2024-09-18T18:52:49.155+05:30  INFO 20013 --- [Bean-Validation] [SpringApplicationShutdownHook] j.LocalContainerEntityManagerFactoryBean : Closing JPA EntityManagerFactory for persistence unit 'default'
2024-09-18T18:52:49.166+05:30  WARN 20013 --- [Bean-Validation] [SpringApplicationShutdownHook] o.s.b.f.support.DisposableBeanAdapter    : Invocation of destroy method failed on bean with name 'inMemoryDatabaseShutdownExecutor': org.h2.jdbc.JdbcSQLNonTransientConnectionException: Database is already closed (to disable automatic closing at VM shutdown, add ";DB_CLOSE_ON_EXIT=FALSE" to the db URL) [90121-224]
2024-09-18T18:52:49.167+05:30  INFO 20013 --- [Bean-Validation] [SpringApplicationShutdownHook] com.zaxxer.hikari.HikariDataSource       : HikariPool-1 - Shutdown initiated...
2024-09-18T18:52:49.169+05:30  INFO 20013 --- [Bean-Validation] [SpringApplicationShutdownHook] com.zaxxer.hikari.HikariDataSource       : HikariPool-1 - Shutdown completed.
2024-09-18T18:55:44.669+05:30  INFO 20089 --- [Bean-Validation] [restartedMain] ceptionHandlingBeanValidationApplication : Starting LoggingExceptionHandlingBeanValidationApplication using Java 17.0.1 with PID 20089 (/Users/prashantkumartiwary/IdeaProjects/Spring Boot and Microservices /Spring Boot/Logging/target/classes started by prashantkumartiwary in /Users/prashantkumartiwary/IdeaProjects/Spring Boot and Microservices )
2024-09-18T18:55:44.684+05:30  INFO 20089 --- [Bean-Validation] [restartedMain] ceptionHandlingBeanValidationApplication : No active profile set, falling back to 1 default profile: "default"
2024-09-18T18:55:44.893+05:30  INFO 20089 --- [Bean-Validation] [restartedMain] .e.DevToolsPropertyDefaultsPostProcessor : Devtools property defaults active! Set 'spring.devtools.add-properties' to 'false' to disable
2024-09-18T18:55:44.894+05:30  INFO 20089 --- [Bean-Validation] [restartedMain] .e.DevToolsPropertyDefaultsPostProcessor : For additional web related logging consider setting the 'logging.level.web' property to 'DEBUG'
2024-09-18T18:55:46.375+05:30  INFO 20089 --- [Bean-Validation] [restartedMain] .s.d.r.c.RepositoryConfigurationDelegate : Bootstrapping Spring Data JPA repositories in DEFAULT mode.
2024-09-18T18:55:46.479+05:30  INFO 20089 --- [Bean-Validation] [restartedMain] .s.d.r.c.RepositoryConfigurationDelegate : Finished Spring Data repository scanning in 89 ms. Found 1 JPA repository interface.
2024-09-18T18:55:48.021+05:30  INFO 20089 --- [Bean-Validation] [restartedMain] o.s.b.w.embedded.tomcat.TomcatWebServer  : Tomcat initialized with port 8083 (http)
2024-09-18T18:55:48.042+05:30  INFO 20089 --- [Bean-Validation] [restartedMain] o.apache.catalina.core.StandardService   : Starting service [Tomcat]
2024-09-18T18:55:48.042+05:30  INFO 20089 --- [Bean-Validation] [restartedMain] o.apache.catalina.core.StandardEngine    : Starting Servlet engine: [Apache Tomcat/10.1.28]
2024-09-18T18:55:48.113+05:30  INFO 20089 --- [Bean-Validation] [restartedMain] o.a.c.c.C.[Tomcat].[localhost].[/]       : Initializing Spring embedded WebApplicationContext
2024-09-18T18:55:48.113+05:30  INFO 20089 --- [Bean-Validation] [restartedMain] w.s.c.ServletWebServerApplicationContext : Root WebApplicationContext: initialization completed in 3218 ms
2024-09-18T18:55:48.153+05:30  INFO 20089 --- [Bean-Validation] [restartedMain] com.zaxxer.hikari.HikariDataSource       : HikariPool-1 - Starting...
2024-09-18T18:55:48.564+05:30  INFO 20089 --- [Bean-Validation] [restartedMain] com.zaxxer.hikari.pool.HikariPool        : HikariPool-1 - Added connection conn0: url=jdbc:h2:mem:mydb user=ROOT
2024-09-18T18:55:48.567+05:30  INFO 20089 --- [Bean-Validation] [restartedMain] com.zaxxer.hikari.HikariDataSource       : HikariPool-1 - Start completed.
2024-09-18T18:55:48.589+05:30  INFO 20089 --- [Bean-Validation] [restartedMain] o.s.b.a.h2.H2ConsoleAutoConfiguration    : H2 console available at '/h2console/'. Database available at 'jdbc:h2:mem:mydb'
2024-09-18T18:55:48.813+05:30  INFO 20089 --- [Bean-Validation] [restartedMain] o.hibernate.jpa.internal.util.LogHelper  : HHH000204: Processing PersistenceUnitInfo [name: default]
2024-09-18T18:55:48.946+05:30  INFO 20089 --- [Bean-Validation] [restartedMain] org.hibernate.Version                    : HHH000412: Hibernate ORM core version 6.5.2.Final
2024-09-18T18:55:49.005+05:30  INFO 20089 --- [Bean-Validation] [restartedMain] o.h.c.internal.RegionFactoryInitiator    : HHH000026: Second-level cache disabled
2024-09-18T18:55:49.676+05:30  INFO 20089 --- [Bean-Validation] [restartedMain] o.s.o.j.p.SpringPersistenceUnitInfo      : No LoadTimeWeaver setup: ignoring JPA class transformer
2024-09-18T18:55:51.670+05:30  INFO 20089 --- [Bean-Validation] [restartedMain] o.h.e.t.j.p.i.JtaPlatformInitiator       : HHH000489: No JTA platform available (set 'hibernate.transaction.jta.platform' to enable JTA platform integration)
2024-09-18T18:55:51.813+05:30  INFO 20089 --- [Bean-Validation] [restartedMain] j.LocalContainerEntityManagerFactoryBean : Initialized JPA EntityManagerFactory for persistence unit 'default'
2024-09-18T18:55:52.543+05:30  WARN 20089 --- [Bean-Validation] [restartedMain] JpaBaseConfiguration$JpaWebConfiguration : spring.jpa.open-in-view is enabled by default. Therefore, database queries may be performed during view rendering. Explicitly configure spring.jpa.open-in-view to disable this warning
2024-09-18T18:55:53.212+05:30  INFO 20089 --- [Bean-Validation] [restartedMain] o.s.b.d.a.OptionalLiveReloadServer       : LiveReload server is running on port 35729
2024-09-18T18:55:53.258+05:30  INFO 20089 --- [Bean-Validation] [restartedMain] o.s.b.w.embedded.tomcat.TomcatWebServer  : Tomcat started on port 8083 (http) with context path '/'
2024-09-18T18:55:53.271+05:30  INFO 20089 --- [Bean-Validation] [restartedMain] ceptionHandlingBeanValidationApplication : Started LoggingExceptionHandlingBeanValidationApplication in 9.737 seconds (process running for 11.985)
2024-09-18T18:56:10.920+05:30  INFO 20089 --- [Bean-Validation] [http-nio-8083-exec-1] o.a.c.c.C.[Tomcat].[localhost].[/]       : Initializing Spring DispatcherServlet 'dispatcherServlet'
2024-09-18T18:56:10.921+05:30  INFO 20089 --- [Bean-Validation] [http-nio-8083-exec-1] o.s.web.servlet.DispatcherServlet        : Initializing Servlet 'dispatcherServlet'
2024-09-18T18:56:10.923+05:30  INFO 20089 --- [Bean-Validation] [http-nio-8083-exec-1] o.s.web.servlet.DispatcherServlet        : Completed initialization in 1 ms
2024-09-18T18:56:11.359+05:30  INFO 20089 --- [Bean-Validation] [http-nio-8083-exec-1] c.m.b.e.controller.CourseController      : Inside CourseController:addRequest api
2024-09-18T18:56:11.360+05:30  INFO 20089 --- [Bean-Validation] [http-nio-8083-exec-1] c.m.b.e.controller.CourseController      : CourseController:addRequest Request Payload -> Course(courseId=null, courseName=Java, description=Java SpringBoot, traineeName=Prashant, duration=null, startDate=Thu Jun 16 05:30:00 IST 18, courseType=Live, price=2300.0, isCertificateAvailable=false, mobileNumber=919090909090, emailAddress=abc@gmail.com) 
2024-09-18T18:56:11.372+05:30  INFO 20089 --- [Bean-Validation] [http-nio-8083-exec-1] c.m.b.e.service.CourseServiceImpl        : CourseService::addCourse method execution started
2024-09-18T18:56:11.382+05:30 DEBUG 20089 --- [Bean-Validation] [http-nio-8083-exec-1] c.m.b.e.service.CourseServiceImpl        : CourseService::addCourse method input -> CourseRequestDto(courseName=Java, description=Java SpringBoot, traineeName=Prashant, duration=5, startDate=Thu Jun 16 05:30:00 IST 18, courseType=Live, price=2300.0, isCertificateAvailable=false, mobileNumber=919090909090, emailAddress=abc@gmail.com)
2024-09-18T18:56:11.711+05:30 DEBUG 20089 --- [Bean-Validation] [http-nio-8083-exec-1] c.m.b.e.service.CourseServiceImpl        : Course entity from the Database -> Course(courseId=1, courseName=Java, description=Java SpringBoot, traineeName=Prashant, duration=null, startDate=Thu Jun 16 05:30:00 IST 18, courseType=Live, price=2300.0, isCertificateAvailable=false, mobileNumber=919090909090, emailAddress=abc@gmail.com)
2024-09-18T18:56:11.741+05:30 DEBUG 20089 --- [Bean-Validation] [http-nio-8083-exec-1] c.m.b.e.service.CourseServiceImpl        : CourseResponseDTO from the request CourseResponseDto(courseName=Java, description=Java SpringBoot, traineeName=Prashant, duration=null, startDate=Thu Jun 16 05:30:00 IST 18, courseType=Live, price=2300.0, isCertificateAvailable=false, courseUniqueCode=a12d5b40, mobileNumber=919090909090, emailAddress=abc@gmail.com)
2024-09-18T18:56:11.741+05:30  INFO 20089 --- [Bean-Validation] [http-nio-8083-exec-1] c.m.b.e.service.CourseServiceImpl        : CourseService::addCourse method execution Ended
2024-09-18T18:56:11.743+05:30  INFO 20089 --- [Bean-Validation] [http-nio-8083-exec-1] c.m.b.e.controller.CourseController      : Exiting CourseController:addRequest api
2024-09-18T18:56:11.744+05:30  INFO 20089 --- [Bean-Validation] [http-nio-8083-exec-1] c.m.b.e.controller.CourseController      : CourseController:addRequest Response -> ServiceResponse(response=CourseResponseDto(courseName=Java, description=Java SpringBoot, traineeName=Prashant, duration=null, startDate=Thu Jun 16 05:30:00 IST 18, courseType=Live, price=2300.0, isCertificateAvailable=false, courseUniqueCode=null, mobileNumber=919090909090, emailAddress=abc@gmail.com), status=201 CREATED, error=null) 
2024-09-18T18:56:32.411+05:30  INFO 20089 --- [Bean-Validation] [SpringApplicationShutdownHook] j.LocalContainerEntityManagerFactoryBean : Closing JPA EntityManagerFactory for persistence unit 'default'
2024-09-18T18:56:32.426+05:30  WARN 20089 --- [Bean-Validation] [SpringApplicationShutdownHook] o.s.b.f.support.DisposableBeanAdapter    : Invocation of destroy method failed on bean with name 'inMemoryDatabaseShutdownExecutor': org.h2.jdbc.JdbcSQLNonTransientConnectionException: Database is already closed (to disable automatic closing at VM shutdown, add ";DB_CLOSE_ON_EXIT=FALSE" to the db URL) [90121-224]
2024-09-18T18:56:32.427+05:30  INFO 20089 --- [Bean-Validation] [SpringApplicationShutdownHook] com.zaxxer.hikari.HikariDataSource       : HikariPool-1 - Shutdown initiated...
2024-09-18T18:56:32.429+05:30  INFO 20089 --- [Bean-Validation] [SpringApplicationShutdownHook] com.zaxxer.hikari.HikariDataSource       : HikariPool-1 - Shutdown completed.
2024-09-18T18:56:55.172+05:30  INFO 20114 --- [Bean-Validation] [restartedMain] ceptionHandlingBeanValidationApplication : Starting LoggingExceptionHandlingBeanValidationApplication using Java 17.0.1 with PID 20114 (/Users/prashantkumartiwary/IdeaProjects/Spring Boot and Microservices /Spring Boot/Logging/target/classes started by prashantkumartiwary in /Users/prashantkumartiwary/IdeaProjects/Spring Boot and Microservices )
2024-09-18T18:56:55.177+05:30  INFO 20114 --- [Bean-Validation] [restartedMain] ceptionHandlingBeanValidationApplication : No active profile set, falling back to 1 default profile: "default"
2024-09-18T18:56:55.326+05:30  INFO 20114 --- [Bean-Validation] [restartedMain] .e.DevToolsPropertyDefaultsPostProcessor : Devtools property defaults active! Set 'spring.devtools.add-properties' to 'false' to disable
2024-09-18T18:56:55.327+05:30  INFO 20114 --- [Bean-Validation] [restartedMain] .e.DevToolsPropertyDefaultsPostProcessor : For additional web related logging consider setting the 'logging.level.web' property to 'DEBUG'
2024-09-18T18:56:56.719+05:30  INFO 20114 --- [Bean-Validation] [restartedMain] .s.d.r.c.RepositoryConfigurationDelegate : Bootstrapping Spring Data JPA repositories in DEFAULT mode.
2024-09-18T18:56:56.823+05:30  INFO 20114 --- [Bean-Validation] [restartedMain] .s.d.r.c.RepositoryConfigurationDelegate : Finished Spring Data repository scanning in 77 ms. Found 1 JPA repository interface.
2024-09-18T18:56:57.720+05:30  INFO 20114 --- [Bean-Validation] [restartedMain] o.s.b.w.embedded.tomcat.TomcatWebServer  : Tomcat initialized with port 8083 (http)
2024-09-18T18:56:57.747+05:30  INFO 20114 --- [Bean-Validation] [restartedMain] o.apache.catalina.core.StandardService   : Starting service [Tomcat]
2024-09-18T18:56:57.749+05:30  INFO 20114 --- [Bean-Validation] [restartedMain] o.apache.catalina.core.StandardEngine    : Starting Servlet engine: [Apache Tomcat/10.1.28]
2024-09-18T18:56:57.818+05:30  INFO 20114 --- [Bean-Validation] [restartedMain] o.a.c.c.C.[Tomcat].[localhost].[/]       : Initializing Spring embedded WebApplicationContext
2024-09-18T18:56:57.818+05:30  INFO 20114 --- [Bean-Validation] [restartedMain] w.s.c.ServletWebServerApplicationContext : Root WebApplicationContext: initialization completed in 2491 ms
2024-09-18T18:56:57.849+05:30  INFO 20114 --- [Bean-Validation] [restartedMain] com.zaxxer.hikari.HikariDataSource       : HikariPool-1 - Starting...
2024-09-18T18:56:58.206+05:30  INFO 20114 --- [Bean-Validation] [restartedMain] com.zaxxer.hikari.pool.HikariPool        : HikariPool-1 - Added connection conn0: url=jdbc:h2:mem:mydb user=ROOT
2024-09-18T18:56:58.212+05:30  INFO 20114 --- [Bean-Validation] [restartedMain] com.zaxxer.hikari.HikariDataSource       : HikariPool-1 - Start completed.
2024-09-18T18:56:58.238+05:30  INFO 20114 --- [Bean-Validation] [restartedMain] o.s.b.a.h2.H2ConsoleAutoConfiguration    : H2 console available at '/h2console/'. Database available at 'jdbc:h2:mem:mydb'
2024-09-18T18:56:58.620+05:30  INFO 20114 --- [Bean-Validation] [restartedMain] o.hibernate.jpa.internal.util.LogHelper  : HHH000204: Processing PersistenceUnitInfo [name: default]
2024-09-18T18:56:58.741+05:30  INFO 20114 --- [Bean-Validation] [restartedMain] org.hibernate.Version                    : HHH000412: Hibernate ORM core version 6.5.2.Final
2024-09-18T18:56:58.839+05:30  INFO 20114 --- [Bean-Validation] [restartedMain] o.h.c.internal.RegionFactoryInitiator    : HHH000026: Second-level cache disabled
2024-09-18T18:56:59.343+05:30  INFO 20114 --- [Bean-Validation] [restartedMain] o.s.o.j.p.SpringPersistenceUnitInfo      : No LoadTimeWeaver setup: ignoring JPA class transformer
2024-09-18T18:57:00.796+05:30  INFO 20114 --- [Bean-Validation] [restartedMain] o.h.e.t.j.p.i.JtaPlatformInitiator       : HHH000489: No JTA platform available (set 'hibernate.transaction.jta.platform' to enable JTA platform integration)
2024-09-18T18:57:00.895+05:30  INFO 20114 --- [Bean-Validation] [restartedMain] j.LocalContainerEntityManagerFactoryBean : Initialized JPA EntityManagerFactory for persistence unit 'default'
2024-09-18T18:57:01.557+05:30  WARN 20114 --- [Bean-Validation] [restartedMain] JpaBaseConfiguration$JpaWebConfiguration : spring.jpa.open-in-view is enabled by default. Therefore, database queries may be performed during view rendering. Explicitly configure spring.jpa.open-in-view to disable this warning
2024-09-18T18:57:02.414+05:30  INFO 20114 --- [Bean-Validation] [restartedMain] o.s.b.d.a.OptionalLiveReloadServer       : LiveReload server is running on port 35729
2024-09-18T18:57:02.482+05:30  INFO 20114 --- [Bean-Validation] [restartedMain] o.s.b.w.embedded.tomcat.TomcatWebServer  : Tomcat started on port 8083 (http) with context path '/'
2024-09-18T18:57:02.500+05:30  INFO 20114 --- [Bean-Validation] [restartedMain] ceptionHandlingBeanValidationApplication : Started LoggingExceptionHandlingBeanValidationApplication in 8.172 seconds (process running for 9.781)
2024-09-18T18:57:07.205+05:30  INFO 20114 --- [Bean-Validation] [http-nio-8083-exec-1] o.a.c.c.C.[Tomcat].[localhost].[/]       : Initializing Spring DispatcherServlet 'dispatcherServlet'
2024-09-18T18:57:07.206+05:30  INFO 20114 --- [Bean-Validation] [http-nio-8083-exec-1] o.s.web.servlet.DispatcherServlet        : Initializing Servlet 'dispatcherServlet'
2024-09-18T18:57:07.214+05:30  INFO 20114 --- [Bean-Validation] [http-nio-8083-exec-1] o.s.web.servlet.DispatcherServlet        : Completed initialization in 6 ms
2024-09-18T18:57:07.723+05:30  INFO 20114 --- [Bean-Validation] [http-nio-8083-exec-1] c.m.b.e.controller.CourseController      : Inside CourseController:addRequest api
2024-09-18T18:57:07.724+05:30  INFO 20114 --- [Bean-Validation] [http-nio-8083-exec-1] c.m.b.e.controller.CourseController      : CourseController:addRequest Request Payload -> Course(courseId=null, courseName=Java, description=Java SpringBoot, traineeName=Prashant, duration=null, startDate=Thu Jun 16 05:30:00 IST 18, courseType=Live, price=2300.0, isCertificateAvailable=false, mobileNumber=919090909090, emailAddress=abc@gmail.com) 
2024-09-18T18:57:07.744+05:30  INFO 20114 --- [Bean-Validation] [http-nio-8083-exec-1] c.m.b.e.service.CourseServiceImpl        : CourseService::addCourse method execution started
2024-09-18T18:57:07.749+05:30 DEBUG 20114 --- [Bean-Validation] [http-nio-8083-exec-1] c.m.b.e.service.CourseServiceImpl        : CourseService::addCourse method input -> CourseRequestDto(courseName=Java, description=Java SpringBoot, traineeName=Prashant, duration=5, startDate=Thu Jun 16 05:30:00 IST 18, courseType=Live, price=2300.0, isCertificateAvailable=false, mobileNumber=919090909090, emailAddress=abc@gmail.com)
2024-09-18T18:57:07.898+05:30 DEBUG 20114 --- [Bean-Validation] [http-nio-8083-exec-1] c.m.b.e.service.CourseServiceImpl        : Course entity from the Database -> Course(courseId=1, courseName=Java, description=Java SpringBoot, traineeName=Prashant, duration=null, startDate=Thu Jun 16 05:30:00 IST 18, courseType=Live, price=2300.0, isCertificateAvailable=false, mobileNumber=919090909090, emailAddress=abc@gmail.com)
2024-09-18T18:57:07.907+05:30 DEBUG 20114 --- [Bean-Validation] [http-nio-8083-exec-1] c.m.b.e.service.CourseServiceImpl        : CourseResponseDTO from the request CourseResponseDto(courseName=Java, description=Java SpringBoot, traineeName=Prashant, duration=null, startDate=Thu Jun 16 05:30:00 IST 18, courseType=Live, price=2300.0, isCertificateAvailable=false, courseUniqueCode=539c507d, mobileNumber=919090909090, emailAddress=abc@gmail.com)
2024-09-18T18:57:07.908+05:30  INFO 20114 --- [Bean-Validation] [http-nio-8083-exec-1] c.m.b.e.service.CourseServiceImpl        : CourseService::addCourse method execution Ended
2024-09-18T18:57:07.908+05:30  INFO 20114 --- [Bean-Validation] [http-nio-8083-exec-1] c.m.b.e.controller.CourseController      : Exiting CourseController:addRequest api
2024-09-18T18:57:07.909+05:30  INFO 20114 --- [Bean-Validation] [http-nio-8083-exec-1] c.m.b.e.controller.CourseController      : CourseController:addRequest Response -> ServiceResponse(response=CourseResponseDto(courseName=Java, description=Java SpringBoot, traineeName=Prashant, duration=null, startDate=Thu Jun 16 05:30:00 IST 18, courseType=Live, price=2300.0, isCertificateAvailable=false, courseUniqueCode=null, mobileNumber=919090909090, emailAddress=abc@gmail.com), status=201 CREATED, error=null) 
2024-09-18T18:57:38.006+05:30  INFO 20114 --- [Bean-Validation] [SpringApplicationShutdownHook] j.LocalContainerEntityManagerFactoryBean : Closing JPA EntityManagerFactory for persistence unit 'default'
2024-09-18T18:57:38.024+05:30  WARN 20114 --- [Bean-Validation] [SpringApplicationShutdownHook] o.s.b.f.support.DisposableBeanAdapter    : Invocation of destroy method failed on bean with name 'inMemoryDatabaseShutdownExecutor': org.h2.jdbc.JdbcSQLNonTransientConnectionException: Database is already closed (to disable automatic closing at VM shutdown, add ";DB_CLOSE_ON_EXIT=FALSE" to the db URL) [90121-224]
2024-09-18T18:57:38.028+05:30  INFO 20114 --- [Bean-Validation] [SpringApplicationShutdownHook] com.zaxxer.hikari.HikariDataSource       : HikariPool-1 - Shutdown initiated...
2024-09-18T18:57:38.032+05:30  INFO 20114 --- [Bean-Validation] [SpringApplicationShutdownHook] com.zaxxer.hikari.HikariDataSource       : HikariPool-1 - Shutdown completed.
2024-09-18T18:57:47.782+05:30  INFO 20141 --- [Bean-Validation] [restartedMain] ceptionHandlingBeanValidationApplication : Starting LoggingExceptionHandlingBeanValidationApplication using Java 17.0.1 with PID 20141 (/Users/prashantkumartiwary/IdeaProjects/Spring Boot and Microservices /Spring Boot/Logging/target/classes started by prashantkumartiwary in /Users/prashantkumartiwary/IdeaProjects/Spring Boot and Microservices )
2024-09-18T18:57:47.785+05:30  INFO 20141 --- [Bean-Validation] [restartedMain] ceptionHandlingBeanValidationApplication : No active profile set, falling back to 1 default profile: "default"
2024-09-18T18:57:47.937+05:30  INFO 20141 --- [Bean-Validation] [restartedMain] .e.DevToolsPropertyDefaultsPostProcessor : Devtools property defaults active! Set 'spring.devtools.add-properties' to 'false' to disable
2024-09-18T18:57:47.938+05:30  INFO 20141 --- [Bean-Validation] [restartedMain] .e.DevToolsPropertyDefaultsPostProcessor : For additional web related logging consider setting the 'logging.level.web' property to 'DEBUG'
2024-09-18T18:57:49.681+05:30  INFO 20141 --- [Bean-Validation] [restartedMain] .s.d.r.c.RepositoryConfigurationDelegate : Bootstrapping Spring Data JPA repositories in DEFAULT mode.
2024-09-18T18:57:49.890+05:30  INFO 20141 --- [Bean-Validation] [restartedMain] .s.d.r.c.RepositoryConfigurationDelegate : Finished Spring Data repository scanning in 164 ms. Found 1 JPA repository interface.
2024-09-18T18:57:51.057+05:30  INFO 20141 --- [Bean-Validation] [restartedMain] o.s.b.w.embedded.tomcat.TomcatWebServer  : Tomcat initialized with port 8083 (http)
2024-09-18T18:57:51.079+05:30  INFO 20141 --- [Bean-Validation] [restartedMain] o.apache.catalina.core.StandardService   : Starting service [Tomcat]
2024-09-18T18:57:51.080+05:30  INFO 20141 --- [Bean-Validation] [restartedMain] o.apache.catalina.core.StandardEngine    : Starting Servlet engine: [Apache Tomcat/10.1.28]
2024-09-18T18:57:51.165+05:30  INFO 20141 --- [Bean-Validation] [restartedMain] o.a.c.c.C.[Tomcat].[localhost].[/]       : Initializing Spring embedded WebApplicationContext
2024-09-18T18:57:51.165+05:30  INFO 20141 --- [Bean-Validation] [restartedMain] w.s.c.ServletWebServerApplicationContext : Root WebApplicationContext: initialization completed in 3219 ms
2024-09-18T18:57:51.211+05:30  INFO 20141 --- [Bean-Validation] [restartedMain] com.zaxxer.hikari.HikariDataSource       : HikariPool-1 - Starting...
2024-09-18T18:57:51.685+05:30  INFO 20141 --- [Bean-Validation] [restartedMain] com.zaxxer.hikari.pool.HikariPool        : HikariPool-1 - Added connection conn0: url=jdbc:h2:mem:mydb user=ROOT
2024-09-18T18:57:51.689+05:30  INFO 20141 --- [Bean-Validation] [restartedMain] com.zaxxer.hikari.HikariDataSource       : HikariPool-1 - Start completed.
2024-09-18T18:57:51.721+05:30  INFO 20141 --- [Bean-Validation] [restartedMain] o.s.b.a.h2.H2ConsoleAutoConfiguration    : H2 console available at '/h2console/'. Database available at 'jdbc:h2:mem:mydb'
2024-09-18T18:57:52.042+05:30  INFO 20141 --- [Bean-Validation] [restartedMain] o.hibernate.jpa.internal.util.LogHelper  : HHH000204: Processing PersistenceUnitInfo [name: default]
2024-09-18T18:57:52.231+05:30  INFO 20141 --- [Bean-Validation] [restartedMain] org.hibernate.Version                    : HHH000412: Hibernate ORM core version 6.5.2.Final
2024-09-18T18:57:52.304+05:30  INFO 20141 --- [Bean-Validation] [restartedMain] o.h.c.internal.RegionFactoryInitiator    : HHH000026: Second-level cache disabled
2024-09-18T18:57:52.969+05:30  INFO 20141 --- [Bean-Validation] [restartedMain] o.s.o.j.p.SpringPersistenceUnitInfo      : No LoadTimeWeaver setup: ignoring JPA class transformer
2024-09-18T18:57:55.180+05:30  INFO 20141 --- [Bean-Validation] [restartedMain] o.h.e.t.j.p.i.JtaPlatformInitiator       : HHH000489: No JTA platform available (set 'hibernate.transaction.jta.platform' to enable JTA platform integration)
2024-09-18T18:57:55.255+05:30  INFO 20141 --- [Bean-Validation] [restartedMain] j.LocalContainerEntityManagerFactoryBean : Initialized JPA EntityManagerFactory for persistence unit 'default'
2024-09-18T18:57:55.679+05:30  WARN 20141 --- [Bean-Validation] [restartedMain] JpaBaseConfiguration$JpaWebConfiguration : spring.jpa.open-in-view is enabled by default. Therefore, database queries may be performed during view rendering. Explicitly configure spring.jpa.open-in-view to disable this warning
2024-09-18T18:57:56.265+05:30  INFO 20141 --- [Bean-Validation] [restartedMain] o.s.b.d.a.OptionalLiveReloadServer       : LiveReload server is running on port 35729
2024-09-18T18:57:56.311+05:30  INFO 20141 --- [Bean-Validation] [restartedMain] o.s.b.w.embedded.tomcat.TomcatWebServer  : Tomcat started on port 8083 (http) with context path '/'
2024-09-18T18:57:56.323+05:30  INFO 20141 --- [Bean-Validation] [restartedMain] ceptionHandlingBeanValidationApplication : Started LoggingExceptionHandlingBeanValidationApplication in 9.524 seconds (process running for 11.263)
2024-09-18T18:57:56.341+05:30  INFO 20141 --- [Bean-Validation] [SpringApplicationShutdownHook] j.LocalContainerEntityManagerFactoryBean : Closing JPA EntityManagerFactory for persistence unit 'default'
2024-09-18T18:57:56.352+05:30  WARN 20141 --- [Bean-Validation] [SpringApplicationShutdownHook] o.s.b.f.support.DisposableBeanAdapter    : Invocation of destroy method failed on bean with name 'inMemoryDatabaseShutdownExecutor': org.h2.jdbc.JdbcSQLNonTransientConnectionException: Database is already closed (to disable automatic closing at VM shutdown, add ";DB_CLOSE_ON_EXIT=FALSE" to the db URL) [90121-224]
2024-09-18T18:57:56.353+05:30  INFO 20141 --- [Bean-Validation] [SpringApplicationShutdownHook] com.zaxxer.hikari.HikariDataSource       : HikariPool-1 - Shutdown initiated...
2024-09-18T18:57:56.355+05:30  INFO 20141 --- [Bean-Validation] [SpringApplicationShutdownHook] com.zaxxer.hikari.HikariDataSource       : HikariPool-1 - Shutdown completed.
[33m2024-09-18 18:58:19,544[0;39m [34m[INFO][0;39m [36mcom.myLearning.beanValidation.exceptionHandling.LoggingExceptionHandlingBeanValidationApplication[0;39m [37m{restartedMain}[0;39m [32mStarting LoggingExceptionHandlingBeanValidationApplication using Java 17.0.1 with PID 20154 (/Users/prashantkumartiwary/IdeaProjects/Spring Boot and Microservices /Spring Boot/Logging/target/classes started by prashantkumartiwary in /Users/prashantkumartiwary/IdeaProjects/Spring Boot and Microservices )
[0;39m[33m2024-09-18 18:58:19,547[0;39m [34m[INFO][0;39m [36mcom.myLearning.beanValidation.exceptionHandling.LoggingExceptionHandlingBeanValidationApplication[0;39m [37m{restartedMain}[0;39m [32mNo active profile set, falling back to 1 default profile: "default"
[0;39m[33m2024-09-18 18:58:19,612[0;39m [34m[INFO][0;39m [36morg.springframework.boot.devtools.env.DevToolsPropertyDefaultsPostProcessor[0;39m [37m{restartedMain}[0;39m [32mDevtools property defaults active! Set 'spring.devtools.add-properties' to 'false' to disable
[0;39m[33m2024-09-18 18:58:19,612[0;39m [34m[INFO][0;39m [36morg.springframework.boot.devtools.env.DevToolsPropertyDefaultsPostProcessor[0;39m [37m{restartedMain}[0;39m [32mFor additional web related logging consider setting the 'logging.level.web' property to 'DEBUG'
[0;39m[33m2024-09-18 18:58:20,990[0;39m [34m[INFO][0;39m [36morg.springframework.data.repository.config.RepositoryConfigurationDelegate[0;39m [37m{restartedMain}[0;39m [32mBootstrapping Spring Data JPA repositories in DEFAULT mode.
[0;39m[33m2024-09-18 18:58:21,102[0;39m [34m[INFO][0;39m [36morg.springframework.data.repository.config.RepositoryConfigurationDelegate[0;39m [37m{restartedMain}[0;39m [32mFinished Spring Data repository scanning in 92 ms. Found 1 JPA repository interface.
[0;39m[33m2024-09-18 18:58:22,183[0;39m [34m[INFO][0;39m [36morg.springframework.boot.web.embedded.tomcat.TomcatWebServer[0;39m [37m{restartedMain}[0;39m [32mTomcat initialized with port 8083 (http)
[0;39m[33m2024-09-18 18:58:22,210[0;39m [34m[INFO][0;39m [36morg.apache.catalina.core.StandardService[0;39m [37m{restartedMain}[0;39m [32mStarting service [Tomcat]
[0;39m[33m2024-09-18 18:58:22,211[0;39m [34m[INFO][0;39m [36morg.apache.catalina.core.StandardEngine[0;39m [37m{restartedMain}[0;39m [32mStarting Servlet engine: [Apache Tomcat/10.1.28]
[0;39m[33m2024-09-18 18:58:22,409[0;39m [34m[INFO][0;39m [36morg.apache.catalina.core.ContainerBase.[Tomcat].[localhost].[/][0;39m [37m{restartedMain}[0;39m [32mInitializing Spring embedded WebApplicationContext
[0;39m[33m2024-09-18 18:58:22,411[0;39m [34m[INFO][0;39m [36morg.springframework.boot.web.servlet.context.ServletWebServerApplicationContext[0;39m [37m{restartedMain}[0;39m [32mRoot WebApplicationContext: initialization completed in 2798 ms
[0;39m[33m2024-09-18 18:58:22,500[0;39m [34m[INFO][0;39m [36mcom.zaxxer.hikari.HikariDataSource[0;39m [37m{restartedMain}[0;39m [32mHikariPool-1 - Starting...
[0;39m[33m2024-09-18 18:58:23,431[0;39m [34m[INFO][0;39m [36mcom.zaxxer.hikari.pool.HikariPool[0;39m [37m{restartedMain}[0;39m [32mHikariPool-1 - Added connection conn0: url=jdbc:h2:mem:mydb user=ROOT
[0;39m[33m2024-09-18 18:58:23,435[0;39m [34m[INFO][0;39m [36mcom.zaxxer.hikari.HikariDataSource[0;39m [37m{restartedMain}[0;39m [32mHikariPool-1 - Start completed.
[0;39m[33m2024-09-18 18:58:23,464[0;39m [34m[INFO][0;39m [36morg.springframework.boot.autoconfigure.h2.H2ConsoleAutoConfiguration[0;39m [37m{restartedMain}[0;39m [32mH2 console available at '/h2console/'. Database available at 'jdbc:h2:mem:mydb'
[0;39m[33m2024-09-18 18:58:24,170[0;39m [34m[INFO][0;39m [36morg.hibernate.jpa.internal.util.LogHelper[0;39m [37m{restartedMain}[0;39m [32mHHH000204: Processing PersistenceUnitInfo [name: default]
[0;39m[33m2024-09-18 18:58:24,568[0;39m [34m[INFO][0;39m [36morg.hibernate.Version[0;39m [37m{restartedMain}[0;39m [32mHHH000412: Hibernate ORM core version 6.5.2.Final
[0;39m[33m2024-09-18 18:58:24,763[0;39m [34m[INFO][0;39m [36morg.hibernate.cache.internal.RegionFactoryInitiator[0;39m [37m{restartedMain}[0;39m [32mHHH000026: Second-level cache disabled
[0;39m[33m2024-09-18 18:58:26,812[0;39m [34m[INFO][0;39m [36morg.springframework.orm.jpa.persistenceunit.SpringPersistenceUnitInfo[0;39m [37m{restartedMain}[0;39m [32mNo LoadTimeWeaver setup: ignoring JPA class transformer
[0;39m[33m2024-09-18 18:58:29,435[0;39m [34m[INFO][0;39m [36morg.hibernate.engine.transaction.jta.platform.internal.JtaPlatformInitiator[0;39m [37m{restartedMain}[0;39m [32mHHH000489: No JTA platform available (set 'hibernate.transaction.jta.platform' to enable JTA platform integration)
[0;39m[33m2024-09-18 18:58:29,581[0;39m [34m[INFO][0;39m [36morg.springframework.orm.jpa.LocalContainerEntityManagerFactoryBean[0;39m [37m{restartedMain}[0;39m [32mInitialized JPA EntityManagerFactory for persistence unit 'default'
[0;39m[33m2024-09-18 18:58:30,238[0;39m [34m[WARN][0;39m [36morg.springframework.boot.autoconfigure.orm.jpa.JpaBaseConfiguration$JpaWebConfiguration[0;39m [37m{restartedMain}[0;39m [32mspring.jpa.open-in-view is enabled by default. Therefore, database queries may be performed during view rendering. Explicitly configure spring.jpa.open-in-view to disable this warning
[0;39m[33m2024-09-18 18:58:31,014[0;39m [34m[INFO][0;39m [36morg.springframework.boot.devtools.autoconfigure.OptionalLiveReloadServer[0;39m [37m{restartedMain}[0;39m [32mLiveReload server is running on port 35729
[0;39m[33m2024-09-18 18:58:31,074[0;39m [34m[INFO][0;39m [36morg.springframework.boot.web.embedded.tomcat.TomcatWebServer[0;39m [37m{restartedMain}[0;39m [32mTomcat started on port 8083 (http) with context path '/'
[0;39m[33m2024-09-18 18:58:31,092[0;39m [34m[INFO][0;39m [36mcom.myLearning.beanValidation.exceptionHandling.LoggingExceptionHandlingBeanValidationApplication[0;39m [37m{restartedMain}[0;39m [32mStarted LoggingExceptionHandlingBeanValidationApplication in 12.316 seconds (process running for 13.853)
[0;39m[33m2024-09-18 18:58:35,245[0;39m [34m[INFO][0;39m [36morg.apache.catalina.core.ContainerBase.[Tomcat].[localhost].[/][0;39m [37m{http-nio-8083-exec-2}[0;39m [32mInitializing Spring DispatcherServlet 'dispatcherServlet'
[0;39m[33m2024-09-18 18:58:35,245[0;39m [34m[INFO][0;39m [36morg.springframework.web.servlet.DispatcherServlet[0;39m [37m{http-nio-8083-exec-2}[0;39m [32mInitializing Servlet 'dispatcherServlet'
[0;39m[33m2024-09-18 18:58:35,248[0;39m [34m[INFO][0;39m [36morg.springframework.web.servlet.DispatcherServlet[0;39m [37m{http-nio-8083-exec-2}[0;39m [32mCompleted initialization in 2 ms
[0;39m[33m2024-09-18 18:58:35,746[0;39m [34m[INFO][0;39m [36mcom.myLearning.beanValidation.exceptionHandling.controller.CourseController[0;39m [37m{http-nio-8083-exec-2}[0;39m [32mInside CourseController:addRequest api
[0;39m[33m2024-09-18 18:58:35,747[0;39m [34m[INFO][0;39m [36mcom.myLearning.beanValidation.exceptionHandling.controller.CourseController[0;39m [37m{http-nio-8083-exec-2}[0;39m [32mCourseController:addRequest Request Payload -> Course(courseId=null, courseName=Java, description=Java SpringBoot, traineeName=Prashant, duration=null, startDate=Thu Jun 16 05:30:00 IST 18, courseType=Live, price=2300.0, isCertificateAvailable=false, mobileNumber=919090909090, emailAddress=abc@gmail.com) 
[0;39m[33m2024-09-18 18:58:35,761[0;39m [34m[INFO][0;39m [36mcom.myLearning.beanValidation.exceptionHandling.service.CourseServiceImpl[0;39m [37m{http-nio-8083-exec-2}[0;39m [32mCourseService::addCourse method execution started
[0;39m[33m2024-09-18 18:58:35,772[0;39m [34m[DEBUG][0;39m [36mcom.myLearning.beanValidation.exceptionHandling.service.CourseServiceImpl[0;39m [37m{http-nio-8083-exec-2}[0;39m [32mCourseService::addCourse method input -> CourseRequestDto(courseName=Java, description=Java SpringBoot, traineeName=Prashant, duration=5, startDate=Thu Jun 16 05:30:00 IST 18, courseType=Live, price=2300.0, isCertificateAvailable=false, mobileNumber=919090909090, emailAddress=abc@gmail.com)
[0;39m[33m2024-09-18 18:58:35,953[0;39m [34m[DEBUG][0;39m [36mcom.myLearning.beanValidation.exceptionHandling.service.CourseServiceImpl[0;39m [37m{http-nio-8083-exec-2}[0;39m [32mCourse entity from the Database -> Course(courseId=1, courseName=Java, description=Java SpringBoot, traineeName=Prashant, duration=null, startDate=Thu Jun 16 05:30:00 IST 18, courseType=Live, price=2300.0, isCertificateAvailable=false, mobileNumber=919090909090, emailAddress=abc@gmail.com)
[0;39m[33m2024-09-18 18:58:36,135[0;39m [34m[DEBUG][0;39m [36mcom.myLearning.beanValidation.exceptionHandling.service.CourseServiceImpl[0;39m [37m{http-nio-8083-exec-2}[0;39m [32mCourseResponseDTO from the request CourseResponseDto(courseName=Java, description=Java SpringBoot, traineeName=Prashant, duration=null, startDate=Thu Jun 16 05:30:00 IST 18, courseType=Live, price=2300.0, isCertificateAvailable=false, courseUniqueCode=a070fe5d, mobileNumber=919090909090, emailAddress=abc@gmail.com)
[0;39m[33m2024-09-18 18:58:36,136[0;39m [34m[INFO][0;39m [36mcom.myLearning.beanValidation.exceptionHandling.service.CourseServiceImpl[0;39m [37m{http-nio-8083-exec-2}[0;39m [32mCourseService::addCourse method execution Ended
[0;39m[33m2024-09-18 18:58:36,138[0;39m [34m[INFO][0;39m [36mcom.myLearning.beanValidation.exceptionHandling.controller.CourseController[0;39m [37m{http-nio-8083-exec-2}[0;39m [32mExiting CourseController:addRequest api
[0;39m[33m2024-09-18 18:58:36,141[0;39m [34m[INFO][0;39m [36mcom.myLearning.beanValidation.exceptionHandling.controller.CourseController[0;39m [37m{http-nio-8083-exec-2}[0;39m [32mCourseController:addRequest Response -> ServiceResponse(response=CourseResponseDto(courseName=Java, description=Java SpringBoot, traineeName=Prashant, duration=null, startDate=Thu Jun 16 05:30:00 IST 18, courseType=Live, price=2300.0, isCertificateAvailable=false, courseUniqueCode=null, mobileNumber=919090909090, emailAddress=abc@gmail.com), status=201 CREATED, error=null) 
[0;39m[33m2024-09-18 18:58:47,641[0;39m [34m[INFO][0;39m [36morg.springframework.orm.jpa.LocalContainerEntityManagerFactoryBean[0;39m [37m{SpringApplicationShutdownHook}[0;39m [32mClosing JPA EntityManagerFactory for persistence unit 'default'
[0;39m[33m2024-09-18 18:58:47,664[0;39m [34m[WARN][0;39m [36morg.springframework.beans.factory.support.DisposableBeanAdapter[0;39m [37m{SpringApplicationShutdownHook}[0;39m [32mInvocation of destroy method failed on bean with name 'inMemoryDatabaseShutdownExecutor': org.h2.jdbc.JdbcSQLNonTransientConnectionException: Database is already closed (to disable automatic closing at VM shutdown, add ";DB_CLOSE_ON_EXIT=FALSE" to the db URL) [90121-224]
[0;39m[33m2024-09-18 18:58:47,666[0;39m [34m[INFO][0;39m [36mcom.zaxxer.hikari.HikariDataSource[0;39m [37m{SpringApplicationShutdownHook}[0;39m [32mHikariPool-1 - Shutdown initiated...
[0;39m[33m2024-09-18 18:58:47,679[0;39m [34m[INFO][0;39m [36mcom.zaxxer.hikari.HikariDataSource[0;39m [37m{SpringApplicationShutdownHook}[0;39m [32mHikariPool-1 - Shutdown completed.
[0;39m